[01:09:17] [ServerMain/WARN]: Failed to add PDH Counter: \Paging File(_Total)\% Usage, Error code: 0xC0000BB8
[01:09:17] [ServerMain/WARN]: Failed to add counter for PDH counter: \Paging File(_Total)\% Usage
[01:09:17] [ServerMain/INFO]: Disabling further attempts to query Paging File.
[01:09:17] [ServerMain/WARN]: COM exception: Invalid Query: SELECT PERCENTUSAGE FROM Win32_PerfRawData_PerfOS_PagingFile
[01:09:20] [ServerMain/ERROR]: Failed to load properties from file: server.properties
java.nio.file.NoSuchFileException: server.properties
	at java.base/sun.nio.fs.WindowsException.translateToIOException(WindowsException.java:85) ~[?:?]
	at java.base/sun.nio.fs.WindowsException.rethrowAsIOException(WindowsException.java:103) ~[?:?]
	at java.base/sun.nio.fs.WindowsException.rethrowAsIOException(WindowsException.java:108) ~[?:?]
	at java.base/sun.nio.fs.WindowsFileSystemProvider.newByteChannel(WindowsFileSystemProvider.java:231) ~[?:?]
	at java.base/java.nio.file.Files.newByteChannel(Files.java:357) ~[?:?]
	at java.base/java.nio.file.Files.newByteChannel(Files.java:399) ~[?:?]
	at java.base/java.nio.file.spi.FileSystemProvider.newInputStream(FileSystemProvider.java:371) ~[?:?]
	at java.base/java.nio.file.Files.newInputStream(Files.java:154) ~[?:?]
	at aqv.b(SourceFile:62) [server-1.21.5.jar:?]
	at aqs.a(SourceFile:141) [server-1.21.5.jar:?]
	at aqt.<init>(SourceFile:12) [server-1.21.5.jar:?]
	at net.minecraft.server.Main.main(SourceFile:116) [server-1.21.5.jar:?]
	at net.minecraft.bundler.Main.lambda$run$0(Main.java:54) [server.jar:?]
	at java.base/java.lang.Thread.run(Thread.java:1447) [?:?]
[01:09:20] [ServerMain/WARN]: Failed to load eula.txt
[01:09:20] [ServerMain/INFO]: You need to agree to the EULA in order to run the server. Go to eula.txt for more info.
